{
  "RSpec": {
    "coverage": {
      "/home/developer/Desktop/Rails Project/jwt_authentication/spec/controllers/orders_controller_spec.rb": {
        "lines": [
          1,
          null,
          1,
          1,
          null,
          4,
          null,
          1,
          3,
          null,
          null,
          1,
          1,
          1,
          1,
          1,
          1,
          1,
          1,
          1,
          null,
          null,
          1,
          1,
          1,
          1,
          1,
          1,
          1,
          1,
          null,
          null,
          1,
          1,
          1,
          1,
          1,
          1,
          null,
          null,
          null
        ]
      },
      "/home/developer/Desktop/Rails Project/jwt_authentication/spec/rails_helper.rb": {
        "lines": [
          null,
          1,
          1,
          1,
          null,
          1,
          1,
          null,
          null,
          null,
          null,
          null,
          null,
          null,
          null,
          null,
          null,
          null,
          null,
          null,
          null,
          null,
          null,
          null,
          null,
          null,
          null,
          1,
          null,
          0,
          null,
          1,
          null,
          1,
          null,
          1,
          null,
          null,
          null,
          1,
          null,
          null,
          null,
          null,
          null,
          null,
          null,
          null,
          null,
          null,
          null,
          null,
          null,
          null,
          null,
          null,
          null,
          1,
          null,
          null,
          1,
          null,
          null,
          1,
          1,
          1,
          1,
          null,
          null,
          null,
          null
        ]
      },
      "/home/developer/Desktop/Rails Project/jwt_authentication/config/environment.rb": {
        "lines": [
          null,
          1,
          null,
          null,
          1
        ]
      },
      "/home/developer/Desktop/Rails Project/jwt_authentication/config/application.rb": {
        "lines": [
          1,
          null,
          1,
          null,
          null,
          null,
          1,
          null,
          1,
          1,
          null,
          1,
          null,
          null,
          null,
          null,
          null,
          null,
          null,
          null,
          null,
          null,
          null,
          null,
          1,
          null,
          null
        ]
      },
      "/home/developer/Desktop/Rails Project/jwt_authentication/config/boot.rb": {
        "lines": [
          1,
          null,
          1,
          1
        ]
      },
      "/home/developer/Desktop/Rails Project/jwt_authentication/config/environments/test.rb": {
        "lines": [
          1,
          null,
          null,
          null,
          null,
          null,
          null,
          1,
          null,
          null,
          null,
          1,
          null,
          null,
          null,
          null,
          1,
          null,
          null,
          1,
          1,
          null,
          null,
          null,
          null,
          1,
          1,
          1,
          null,
          null,
          1,
          null,
          null,
          1,
          null,
          null,
          1,
          null,
          1,
          null,
          null,
          null,
          null,
          1,
          null,
          null,
          1,
          null,
          null,
          1,
          null,
          null,
          1,
          null,
          null,
          null,
          null,
          null,
          null,
          null
        ]
      },
      "/home/developer/Desktop/Rails Project/jwt_authentication/config/initializers/cors.rb": {
        "lines": [
          null,
          null,
          null,
          null,
          null,
          null,
          null,
          null,
          null,
          null,
          null,
          null,
          null,
          null,
          null,
          null
        ]
      },
      "/home/developer/Desktop/Rails Project/jwt_authentication/config/initializers/filter_parameter_logging.rb": {
        "lines": [
          null,
          null,
          null,
          null,
          null,
          1,
          null,
          null
        ]
      },
      "/home/developer/Desktop/Rails Project/jwt_authentication/config/initializers/inflections.rb": {
        "lines": [
          null,
          null,
          null,
          null,
          null,
          null,
          null,
          null,
          null,
          null,
          null,
          null,
          null,
          null,
          null,
          null
        ]
      },
      "/home/developer/Desktop/Rails Project/jwt_authentication/config/initializers/sidekiq.rb": {
        "lines": [
          1,
          0,
          null,
          null,
          1,
          1,
          null
        ]
      },
      "/home/developer/Desktop/Rails Project/jwt_authentication/spec/factories/images.rb": {
        "lines": [
          1,
          1,
          null,
          null,
          null
        ]
      },
      "/home/developer/Desktop/Rails Project/jwt_authentication/spec/factories/orders.rb": {
        "lines": [
          1,
          1,
          null,
          null,
          null
        ]
      },
      "/home/developer/Desktop/Rails Project/jwt_authentication/spec/factories/products.rb": {
        "lines": [
          1,
          1,
          null,
          null,
          null
        ]
      },
      "/home/developer/Desktop/Rails Project/jwt_authentication/spec/factories/user.rb": {
        "lines": [
          1,
          1,
          4,
          4,
          4,
          null,
          null,
          null
        ]
      },
      "/home/developer/Desktop/Rails Project/jwt_authentication/config/routes.rb": {
        "lines": [
          1,
          null,
          1,
          1,
          null,
          1,
          1,
          1,
          null,
          1,
          null,
          null
        ]
      },
      "/home/developer/Desktop/Rails Project/jwt_authentication/app/controllers/orders_controller.rb": {
        "lines": [
          1,
          null,
          1,
          3,
          3,
          null,
          3,
          null,
          3,
          2,
          2,
          null,
          1,
          null,
          null,
          null,
          null
        ]
      },
      "/home/developer/Desktop/Rails Project/jwt_authentication/app/controllers/application_controller.rb": {
        "lines": [
          1,
          1,
          null,
          1,
          null,
          1,
          null,
          1,
          3,
          3,
          3,
          3,
          null,
          null
        ]
      },
      "/home/developer/Desktop/Rails Project/jwt_authentication/app/controllers/concerns/json_web_token.rb": {
        "lines": [
          1,
          1,
          1,
          1,
          null,
          1,
          3,
          3,
          null,
          null,
          1,
          3,
          3,
          null,
          null
        ]
      },
      "/home/developer/Desktop/Rails Project/jwt_authentication/app/models/user.rb": {
        "lines": [
          1,
          null,
          1,
          null,
          1,
          null,
          1,
          1,
          1,
          null,
          null
        ]
      },
      "/home/developer/Desktop/Rails Project/jwt_authentication/app/models/application_record.rb": {
        "lines": [
          1,
          1,
          null
        ]
      },
      "/home/developer/Desktop/Rails Project/jwt_authentication/app/models/order.rb": {
        "lines": [
          1,
          1,
          null
        ]
      },
      "/home/developer/Desktop/Rails Project/jwt_authentication/app/models/product.rb": {
        "lines": [
          1,
          1,
          1,
          1,
          null
        ]
      }
    },
    "timestamp": 1697009066
  }
}
